1641742028233	geckodriver	INFO	Listening on 127.0.0.1:50373
1641742031457	mozrunner::runner	INFO	Running command: "C:\\Program Files\\Mozilla Firefox\\firefox.exe" "--marionette" "--remote-debugging-port" "50374" "-no-remote" "-profile" "C:\\Users\\Pc\\AppData\\Local\\Temp\\rust_mozprofileL9K5ta"
1641742032911	Marionette	INFO	Marionette enabled
console.warn: SearchSettings: "get: No settings file exists, new profile?" (new NotFoundError("Could not open the file at C:\\Users\\Pc\\AppData\\Local\\Temp\\rust_mozprofileL9K5ta\\search.json.mozlz4", (void 0)))
DevTools listening on ws://localhost:50374/devtools/browser/d789dcd7-3834-4962-acae-7d4af1b646e4
1641742036461	Marionette	INFO	Listening on port 50382
1641742036843	RemoteAgent	WARN	TLS certificate errors will be ignored for this session
JavaScript warning: https://www.amazon.com/ line 7 > injectedScript, line 1: WEBGL_debug_renderer_info is deprecated in Firefox and will be removed. Please use RENDERER.
JavaScript warning: https://www.amazon.com/s?k=smartwatches&ref=nb_sb_noss line 7 > injectedScript, line 1: WEBGL_debug_renderer_info is deprecated in Firefox and will be removed. Please use RENDERER.
SourceActor threw an exception: [Exception... "Failed to open input source 'file:///'"  nsresult: "0x80004005 (NS_ERROR_FAILURE)"  location: "JS frame :: resource://devtools/shared/DevToolsUtils.js :: mainThreadFetch/< :: line 670"  data: yes]
Stack: mainThreadFetch/<@resource://devtools/shared/DevToolsUtils.js:670:15
mainThreadFetch@resource://devtools/shared/DevToolsUtils.js:516:10
_fetchURLContents@resource://devtools/server/actors/utils/sources-manager.js:442:22
urlContents@resource://devtools/server/actors/utils/sources-manager.js:406:17
_resurrectSource@resource://devtools/server/actors/thread.js:2091:35
addAllSources@resource://devtools/server/actors/thread.js:1446:14
watch@resource://devtools/server/actors/resources/sources.js:52:17
watchResources@resource://devtools/server/actors/resources/index.js:242:19
_watchTargetResources@resource://devtools/server/actors/targets/target-actor-mixin.js:175:24
addSessionDataEntry@resource://devtools/server/actors/targets/target-actor-mixin.js:52:20
_addSessionDataEntry@resource://devtools/server/connectors/js-window-actor/DevToolsFrameChild.jsm:582:24
receiveMessage@resource://devtools/server/connectors/js-window-actor/DevToolsFrameChild.jsm:496:21
Line: 670, column: 0
console.error: ({})
JavaScript error: resource://devtools/shared/DevToolsUtils.js, line 670: NS_ERROR_FAILURE: Failed to open input source 'file:///'
JavaScript error: resource://devtools/client/fronts/inspector.js, line 252: TypeError: grip is undefined
JavaScript error: resource://gre/actors/AutoCompleteChild.jsm, line 125: Error: Invalid autocomplete selectedIndex
console.error: "stylesheets: fetch failed for https://images-na.ssl-images-amazon.com/images/I/41KBYOkTjIL._RC|71ZgsBxNEkL.css,41Etv-g4obL.css,31CdpXAsWCL.css,31YZpDCYJPL.css,21MKjoYL8wL.css,41dMxRXAxPL.css,01yCq3WXEcL.css,11kO7yAgiQL.css,31OvHRW+XiL.css,01XHMOHpK1L.css,11iUHDm4--L.css,31IrUp1HMlL.css_.css?AUIClients/NavDesktopUberAsset&137k4Ib0#desktop.362576-T1, using system principal instead."
console.error: "stylesheets: fetch failed for https://images-na.ssl-images-amazon.com/images/I/11EIQ5IGqaL._RC|01ZTHTZObnL.css,41wZkyTaWoL.css,31Y8m1dzTdL.css,013z33uKh2L.css,017DsKjNQJL.css,0131vqwP5UL.css,41EWOOlBJ9L.css,11TIuySqr6L.css,01ElnPiDxWL.css,11bGSgD5pDL.css,01Dm5eKVxwL.css,01IdKcBuAdL.css,01y-XAlI+2L.css,21N4kUH7pxL.css,01oDR3IULNL.css,41CYNGpGlrL.css,01XPHJk60-L.css,114y0SIP+yL.css,21aPhFy+riL.css,11gneA3MtJL.css,21fecG8pUzL.css,01ulGzBW88L.css,01CFUgsA-YL.css,31C80IiXalL.css,11qour3ND0L.css,11gKCCKQV+L.css,11061HxnEvL.css,11oHt2HYxnL.css,013RDhw9hoL.css,11JQtnL-6eL.css,116v6uYvN6L.css,11jtXRmppwL.css,01QrWuRrZ-L.css,21zuRztKjtL.css,11QyqG8yiqL.css,11K24eOJg4L.css,11F2+OBzLyL.css,01890+Vwk8L.css,11Y05DTEL6L.css,01cbS3UK11L.css,21F85am0yFL.css,01giMEP+djL.css_.css?AUIClients/AmazonUI#us.not-trident, using system principal instead."
console.error: "Error writing response to: getApplied"
console.error: "Error while calling actor 'pagestyle's method 'getApplied'" "Attempted to write a response containing a destroyed actor"
console.error: (new Error("Attempted to write a response containing a destroyed actor", "resource://devtools/shared/protocol/types.js", 353))
JavaScript error: about:srcdoc, line 11: TypeError: parent is null
JavaScript warning: https://www.amazon.com/s?k=smartwatches&ref=nb_sb_noss line 7 > injectedScript, line 1: WEBGL_debug_renderer_info is deprecated in Firefox and will be removed. Please use RENDERER.
